<?xml version="1.0" encoding="UTF-8"?>
<testng-results skipped="0" failed="0" total="1" passed="1">
  <reporter-output>
  </reporter-output>
  <suite name="Default suite" duration-ms="55077" started-at="2018-09-03T09:30:31Z" finished-at="2018-09-03T09:31:26Z">
    <groups>
    </groups>
    <test name="Default test" duration-ms="55077" started-at="2018-09-03T09:30:31Z" finished-at="2018-09-03T09:31:26Z">
      <class name="com.ebay.Testcases.ProductInfo_TCs">
        <test-method status="PASS" signature="Driver()[pri:0, instance:com.ebay.Testcases.ProductInfo_TCs@7e0b0338]" name="Driver" is-config="true" duration-ms="14127" started-at="2018-09-03T15:00:31Z" finished-at="2018-09-03T15:00:45Z">
          <reporter-output>
          </reporter-output>
        </test-method> <!-- Driver -->
        <test-method status="PASS" signature="TS_verifyProductPrize()[pri:0, instance:com.ebay.Testcases.ProductInfo_TCs@7e0b0338]" name="TS_verifyProductPrize" duration-ms="37673" started-at="2018-09-03T15:00:45Z" description="To verify Product Prize" finished-at="2018-09-03T15:01:23Z">
          <reporter-output>
          </reporter-output>
        </test-method> <!-- TS_verifyProductPrize -->
        <test-method status="PASS" signature="quitDriver()[pri:0, instance:com.ebay.Testcases.ProductInfo_TCs@7e0b0338]" name="quitDriver" is-config="true" duration-ms="3265" started-at="2018-09-03T15:01:23Z" finished-at="2018-09-03T15:01:26Z">
          <reporter-output>
          </reporter-output>
        </test-method> <!-- quitDriver -->
      </class> <!-- com.ebay.Testcases.ProductInfo_TCs -->
    </test> <!-- Default test -->
  </suite> <!-- Default suite -->
</testng-results>
